[17/May/2019 08:24:16] "GET /run/?action=bwready HTTP/1.1" 200 12384
[17/May/2019 08:24:16] "GET /run/?action=fwready HTTP/1.1" 200 12384
[17/May/2019 08:24:16] "GET /run/?action=camready HTTP/1.1" 200 12384
[17/May/2019 08:24:22] "GET /run/?action=forward HTTP/1.1" 200 12384
[17/May/2019 08:24:22] "GET /run/?action=fwleft HTTP/1.1" 200 12384
[17/May/2019 08:24:22] "GET /run/?action=stop HTTP/1.1" 200 12384
[17/May/2019 08:24:22] "GET /run/?action=fwstraight HTTP/1.1" 200 12384
[17/May/2019 08:24:38] "GET /run/?action=forward HTTP/1.1" 200 12384
[17/May/2019 08:24:38] "GET /run/?action=stop HTTP/1.1" 200 12384
[17/May/2019 08:24:39] "GET /run/?action=fwstraight HTTP/1.1" 200 12384
[17/May/2019 08:24:39] "GET /run/?action=forward HTTP/1.1" 200 12384
[17/May/2019 08:24:40] "GET /run/?action=stop HTTP/1.1" 200 12384
[17/May/2019 08:24:40] "GET /run/?action=fwstraight HTTP/1.1" 200 12384
[17/May/2019 08:24:41] "GET /run/?action=backward HTTP/1.1" 200 12384
[17/May/2019 08:24:41] "GET /run/?action=fwright HTTP/1.1" 200 12384
[17/May/2019 08:24:41] "GET /run/?action=forward HTTP/1.1" 200 12384
[17/May/2019 08:24:42] "GET /run/?action=stop HTTP/1.1" 200 12384
[17/May/2019 08:24:42] "GET /run/?action=fwstraight HTTP/1.1" 200 12384
[17/May/2019 08:24:42] "GET /run/?action=forward HTTP/1.1" 200 12384
[17/May/2019 08:24:43] "GET /run/?action=stop HTTP/1.1" 200 12384
[17/May/2019 08:24:43] "GET /run/?action=fwstraight HTTP/1.1" 200 12384
[17/May/2019 08:24:45] "GET /run/?action=camright HTTP/1.1" 200 12384
[17/May/2019 08:24:46] "GET /run/?action=camready HTTP/1.1" 200 12384
[17/May/2019 08:24:47] "GET /run/?action=camleft HTTP/1.1" 200 12384
[17/May/2019 08:24:47] "GET /run/?action=camready HTTP/1.1" 200 12384
[17/May/2019 08:24:48] "GET /run/?action=camleft HTTP/1.1" 200 12384
[17/May/2019 08:24:49] "GET /run/?action=camready HTTP/1.1" 200 12384
[17/May/2019 08:24:50] "GET /run/?action=camup HTTP/1.1" 200 12384
[17/May/2019 08:24:51] "GET /run/?action=camready HTTP/1.1" 200 12384
[17/May/2019 08:24:51] "GET /run/?action=camright HTTP/1.1" 200 12384
[17/May/2019 08:24:52] "GET /run/?action=camready HTTP/1.1" 200 12384
[17/May/2019 08:24:53] "GET /run/?action=forward HTTP/1.1" 200 12384
[17/May/2019 08:24:53] "GET /run/?action=stop HTTP/1.1" 200 12384
[17/May/2019 08:24:53] "GET /run/?action=fwstraight HTTP/1.1" 200 12384
[17/May/2019 08:24:54] "GET /run/?action=backward HTTP/1.1" 200 12384
[17/May/2019 08:24:55] "GET /run/?action=fwright HTTP/1.1" 200 12384
[17/May/2019 08:24:55] "GET /run/?action=stop HTTP/1.1" 200 12384
[17/May/2019 08:24:55] "GET /run/?action=fwstraight HTTP/1.1" 200 12384
[17/May/2019 08:24:56] "GET /run/?action=forward HTTP/1.1" 200 12384
[17/May/2019 08:24:56] "GET /run/?action=stop HTTP/1.1" 200 12384
[17/May/2019 08:24:57] "GET /run/?action=fwstraight HTTP/1.1" 200 12384
[17/May/2019 08:24:57] "GET /run/?action=backward HTTP/1.1" 200 12384
[17/May/2019 08:24:57] "GET /run/?action=fwright HTTP/1.1" 200 12384
[17/May/2019 08:24:57] "GET /run/?action=stop HTTP/1.1" 200 12384
[17/May/2019 08:24:58] "GET /run/?action=fwstraight HTTP/1.1" 200 12384
[17/May/2019 08:24:58] "GET /run/?action=backward HTTP/1.1" 200 12384
[17/May/2019 08:24:58] "GET /run/?action=fwright HTTP/1.1" 200 12384
[17/May/2019 08:24:59] "GET /run/?action=forward HTTP/1.1" 200 12384
[17/May/2019 08:24:59] "GET /run/?action=backward HTTP/1.1" 200 12384
[17/May/2019 08:25:00] "GET /run/?action=fwright HTTP/1.1" 200 12384
[17/May/2019 08:25:00] "GET /run/?action=stop HTTP/1.1" 200 12384
[17/May/2019 08:25:00] "GET /run/?action=fwstraight HTTP/1.1" 200 12384
[17/May/2019 08:25:00] "GET /run/?action=stop HTTP/1.1" 200 12384
[17/May/2019 08:25:00] "GET /run/?action=fwstraight HTTP/1.1" 200 12384
[17/May/2019 08:25:01] "GET /run/?action=forward HTTP/1.1" 200 12384
[17/May/2019 08:25:01] "GET /run/?action=stop HTTP/1.1" 200 12384
[17/May/2019 08:25:01] "GET /run/?action=fwstraight HTTP/1.1" 200 12384
[17/May/2019 08:25:02] "GET /run/?action=backward HTTP/1.1" 200 12384
[17/May/2019 08:25:02] "GET /run/?action=fwright HTTP/1.1" 200 12384
[17/May/2019 08:25:03] "GET /run/?action=stop HTTP/1.1" 200 12384
[17/May/2019 08:25:03] "GET /run/?action=fwstraight HTTP/1.1" 200 12384
[17/May/2019 08:25:23] "GET /run/?action=bwready HTTP/1.1" 200 12384
[17/May/2019 08:25:23] "GET /run/?action=fwready HTTP/1.1" 200 12384
[17/May/2019 08:25:23] "GET /run/?action=camready HTTP/1.1" 200 12384
[17/May/2019 08:25:41] "GET /run/?action=fwright HTTP/1.1" 200 12384
[17/May/2019 08:25:41] "GET /run/?action=fwstraight HTTP/1.1" 200 12384
[17/May/2019 08:25:41] "GET /run/?action=fwright HTTP/1.1" 200 12384
[17/May/2019 08:25:41] "GET /run/?action=fwstraight HTTP/1.1" 200 12384
[17/May/2019 08:25:42] "GET /run/?action=fwright HTTP/1.1" 200 12384
[17/May/2019 08:25:42] "GET /run/?action=forward HTTP/1.1" 200 12384
[17/May/2019 08:25:42] "GET /run/?action=stop HTTP/1.1" 200 12384
[17/May/2019 08:25:43] "GET /run/?action=fwstraight HTTP/1.1" 200 12384
[17/May/2019 08:25:43] "GET /run/?action=fwright HTTP/1.1" 200 12384
[17/May/2019 08:25:43] "GET /run/?action=forward HTTP/1.1" 200 12384
[17/May/2019 08:25:44] "GET /run/?action=stop HTTP/1.1" 200 12384
[17/May/2019 08:25:44] "GET /run/?action=fwstraight HTTP/1.1" 200 12384
[17/May/2019 08:25:44] "GET /run/?action=fwleft HTTP/1.1" 200 12384
[17/May/2019 08:25:45] "GET /run/?action=backward HTTP/1.1" 200 12384
[17/May/2019 08:25:46] "GET /run/?action=fwstraight HTTP/1.1" 200 12384
[17/May/2019 08:25:47] "GET /run/?action=stop HTTP/1.1" 200 12384
[17/May/2019 08:25:47] "GET /run/?action=forward HTTP/1.1" 200 12384
[17/May/2019 08:25:47] "GET /run/?action=stop HTTP/1.1" 200 12384
[17/May/2019 08:25:48] "GET /run/?action=forward HTTP/1.1" 200 12384
[17/May/2019 08:25:48] "GET /run/?action=stop HTTP/1.1" 200 12384
[17/May/2019 08:25:48] "GET /run/?action=fwright HTTP/1.1" 200 12384
[17/May/2019 08:25:48] "GET /run/?action=fwstraight HTTP/1.1" 200 12384
[17/May/2019 08:25:48] "GET /run/?action=forward HTTP/1.1" 200 12384
[17/May/2019 08:25:49] "GET /run/?action=fwright HTTP/1.1" 200 12384
[17/May/2019 08:25:49] "GET /run/?action=fwstraight HTTP/1.1" 200 12384
[17/May/2019 08:25:50] "GET /run/?action=fwright HTTP/1.1" 200 12384
[17/May/2019 08:25:52] "GET /run/?action=stop HTTP/1.1" 200 12384
[17/May/2019 08:25:52] "GET /run/?action=fwstraight HTTP/1.1" 200 12384
[17/May/2019 08:25:52] "GET /run/?action=forward HTTP/1.1" 200 12384
[17/May/2019 08:25:53] "GET /run/?action=fwright HTTP/1.1" 200 12384
[17/May/2019 08:25:53] "GET /run/?action=fwstraight HTTP/1.1" 200 12384
[17/May/2019 08:25:53] "GET /run/?action=stop HTTP/1.1" 200 12384
[17/May/2019 08:25:56] "GET /run/?speed=100 HTTP/1.1" 200 12384
[17/May/2019 08:25:58] "GET /run/?action=backward HTTP/1.1" 200 12384
[17/May/2019 08:25:59] "GET /run/?action=stop HTTP/1.1" 200 12384
[17/May/2019 08:25:59] "GET /run/?action=forward HTTP/1.1" 200 12384
[17/May/2019 08:26:00] "GET /run/?action=stop HTTP/1.1" 200 12384
[17/May/2019 08:26:00] "GET /run/?action=fwright HTTP/1.1" 200 12384
[17/May/2019 08:26:00] "GET /run/?action=forward HTTP/1.1" 200 12384
[17/May/2019 08:26:02] "GET /run/?action=fwstraight HTTP/1.1" 200 12384
[17/May/2019 08:26:02] "GET /run/?action=stop HTTP/1.1" 200 12384
[17/May/2019 08:26:02] "GET /run/?action=fwleft HTTP/1.1" 200 12384
[17/May/2019 08:26:02] "GET /run/?action=fwstraight HTTP/1.1" 200 12384
[17/May/2019 08:26:02] "GET /run/?action=fwleft HTTP/1.1" 200 12384
[17/May/2019 08:26:02] "GET /run/?action=fwstraight HTTP/1.1" 200 12384
[17/May/2019 08:26:03] "GET /run/?action=backward HTTP/1.1" 200 12384
[17/May/2019 08:26:04] "GET /run/?action=stop HTTP/1.1" 200 12384
[17/May/2019 08:26:04] "GET /run/?action=fwright HTTP/1.1" 200 12384
[17/May/2019 08:26:04] "GET /run/?action=fwstraight HTTP/1.1" 200 12384
[17/May/2019 08:26:05] "GET /run/?action=fwright HTTP/1.1" 200 12384
[17/May/2019 08:26:05] "GET /run/?action=forward HTTP/1.1" 200 12384
[17/May/2019 08:26:06] "GET /run/?action=stop HTTP/1.1" 200 12384
[17/May/2019 08:26:06] "GET /run/?action=fwstraight HTTP/1.1" 200 12384
[17/May/2019 08:26:07] "GET /run/?action=fwleft HTTP/1.1" 200 12384
[17/May/2019 08:26:07] "GET /run/?action=backward HTTP/1.1" 200 12384
[17/May/2019 08:26:08] "GET /run/?action=stop HTTP/1.1" 200 12384
[17/May/2019 08:26:08] "GET /run/?action=fwstraight HTTP/1.1" 200 12384
[17/May/2019 08:26:08] "GET /run/?action=forward HTTP/1.1" 200 12384
[17/May/2019 08:26:08] "GET /run/?action=fwright HTTP/1.1" 200 12384
[17/May/2019 08:26:09] "GET /run/?action=stop HTTP/1.1" 200 12384
[17/May/2019 08:26:09] "GET /run/?action=forward HTTP/1.1" 200 12384
[17/May/2019 08:26:09] "GET /run/?action=stop HTTP/1.1" 200 12384
[17/May/2019 08:26:10] "GET /run/?action=fwstraight HTTP/1.1" 200 12384
[17/May/2019 08:26:10] "GET /run/?action=fwright HTTP/1.1" 200 12384
[17/May/2019 08:26:10] "GET /run/?action=forward HTTP/1.1" 200 12384
[17/May/2019 08:26:11] "GET /run/?action=fwstraight HTTP/1.1" 200 12384
[17/May/2019 08:26:12] "GET /run/?action=stop HTTP/1.1" 200 12384
[17/May/2019 08:26:12] "GET /run/?action=forward HTTP/1.1" 200 12384
[17/May/2019 08:26:12] "GET /run/?action=stop HTTP/1.1" 200 12384
[17/May/2019 08:26:12] "GET /run/?action=fwleft HTTP/1.1" 200 12384
[17/May/2019 08:26:13] "GET /run/?action=fwstraight HTTP/1.1" 200 12384
[17/May/2019 08:26:14] "GET /run/?action=fwright HTTP/1.1" 200 12384
[17/May/2019 08:26:14] "GET /run/?action=fwstraight HTTP/1.1" 200 12384
[17/May/2019 08:26:18] "GET /run/?action=backward HTTP/1.1" 200 12384
[17/May/2019 08:26:18] "GET /run/?action=stop HTTP/1.1" 200 12384
[17/May/2019 08:26:19] "GET /run/?action=backward HTTP/1.1" 200 12384
[17/May/2019 08:26:20] "GET /run/?action=stop HTTP/1.1" 200 12384
[17/May/2019 08:26:20] "GET /run/?action=fwright HTTP/1.1" 200 12384
[17/May/2019 08:26:21] "GET /run/?action=forward HTTP/1.1" 200 12384
[17/May/2019 08:26:21] "GET /run/?action=stop HTTP/1.1" 200 12384
[17/May/2019 08:26:21] "GET /run/?action=fwstraight HTTP/1.1" 200 12384
[17/May/2019 08:26:21] "GET /run/?action=fwleft HTTP/1.1" 200 12384
[17/May/2019 08:26:22] "GET /run/?action=fwstraight HTTP/1.1" 200 12384
[17/May/2019 08:26:22] "GET /run/?action=forward HTTP/1.1" 200 12384
[17/May/2019 08:26:22] "GET /run/?action=stop HTTP/1.1" 200 12384
[17/May/2019 08:26:23] "GET /run/?action=forward HTTP/1.1" 200 12384
[17/May/2019 08:26:23] "GET /run/?action=stop HTTP/1.1" 200 12384
[17/May/2019 08:26:23] "GET /run/?action=fwright HTTP/1.1" 200 12384
[17/May/2019 08:26:24] "GET /run/?action=fwstraight HTTP/1.1" 200 12384
[17/May/2019 08:27:09] "GET /run/?action=backward HTTP/1.1" 200 12384
[17/May/2019 08:27:10] "GET /run/?action=stop HTTP/1.1" 200 12384
[17/May/2019 08:27:11] "GET /run/?action=backward HTTP/1.1" 200 12384
[17/May/2019 08:27:11] "GET /run/?action=stop HTTP/1.1" 200 12384
[17/May/2019 08:27:11] "GET /run/?action=backward HTTP/1.1" 200 12384
[17/May/2019 08:27:12] "GET /run/?action=stop HTTP/1.1" 200 12384
[17/May/2019 08:27:12] "GET /run/?action=forward HTTP/1.1" 200 12384
[17/May/2019 08:27:13] "GET /run/?action=stop HTTP/1.1" 200 12384
[17/May/2019 08:27:16] "GET /run/?action=fwright HTTP/1.1" 200 12384
[17/May/2019 08:27:16] "GET /run/?action=fwstraight HTTP/1.1" 200 12384
[17/May/2019 08:27:17] "GET /run/?action=fwright HTTP/1.1" 200 12384
[17/May/2019 08:27:17] "GET /run/?action=fwstraight HTTP/1.1" 200 12384
[17/May/2019 08:27:18] "GET /run/?action=fwleft HTTP/1.1" 200 12384
[17/May/2019 08:27:19] "GET /run/?action=fwstraight HTTP/1.1" 200 12384
[17/May/2019 08:27:20] "GET /run/?action=fwright HTTP/1.1" 200 12384
[17/May/2019 08:27:21] "GET /run/?action=fwstraight HTTP/1.1" 200 12384
[17/May/2019 08:27:21] "GET /run/?action=fwright HTTP/1.1" 200 12384
[17/May/2019 08:27:22] "GET /run/?action=fwstraight HTTP/1.1" 200 12384
[17/May/2019 08:27:23] "GET /run/?action=fwright HTTP/1.1" 200 12384
[17/May/2019 08:27:23] "GET /run/?action=fwstraight HTTP/1.1" 200 12384
[17/May/2019 08:27:24] "GET /run/?action=fwright HTTP/1.1" 200 12384
[17/May/2019 08:27:26] "GET /run/?action=forward HTTP/1.1" 200 12384
[17/May/2019 08:27:26] "GET /run/?action=stop HTTP/1.1" 200 12384
[17/May/2019 08:27:27] "GET /run/?action=fwstraight HTTP/1.1" 200 12384
[17/May/2019 08:27:30] "GET /run/?action=backward HTTP/1.1" 200 12384
[17/May/2019 08:27:30] "GET /run/?action=stop HTTP/1.1" 200 12384
[17/May/2019 08:27:32] "GET /run/?action=fwleft HTTP/1.1" 200 12384
[17/May/2019 08:27:33] "GET /run/?action=forward HTTP/1.1" 200 12384
[17/May/2019 08:27:34] "GET /run/?action=fwstraight HTTP/1.1" 200 12384
[17/May/2019 08:27:34] "GET /run/?action=stop HTTP/1.1" 200 12384
[17/May/2019 08:27:34] "GET /run/?action=fwright HTTP/1.1" 200 12384
[17/May/2019 08:27:34] "GET /run/?action=fwstraight HTTP/1.1" 200 12384
[17/May/2019 08:27:34] "GET /run/?action=fwright HTTP/1.1" 200 12384
[17/May/2019 08:27:35] "GET /run/?action=forward HTTP/1.1" 200 12384
[17/May/2019 08:27:35] "GET /run/?action=stop HTTP/1.1" 200 12384
[17/May/2019 08:27:35] "GET /run/?action=fwstraight HTTP/1.1" 200 12384
[17/May/2019 08:27:35] "GET /run/?action=fwright HTTP/1.1" 200 12384
[17/May/2019 08:27:36] "GET /run/?action=forward HTTP/1.1" 200 12384
[17/May/2019 08:27:36] "GET /run/?action=stop HTTP/1.1" 200 12384
[17/May/2019 08:27:36] "GET /run/?action=fwstraight HTTP/1.1" 200 12384
[17/May/2019 08:27:36] "GET /run/?action=fwleft HTTP/1.1" 200 12384
[17/May/2019 08:27:37] "GET /run/?action=fwstraight HTTP/1.1" 200 12384
[17/May/2019 08:27:37] "GET /run/?action=fwright HTTP/1.1" 200 12384
[17/May/2019 08:27:37] "GET /run/?action=fwstraight HTTP/1.1" 200 12384
[17/May/2019 08:27:38] "GET /run/?action=fwleft HTTP/1.1" 200 12384
[17/May/2019 08:27:38] "GET /run/?action=fwstraight HTTP/1.1" 200 12384
[17/May/2019 08:27:39] "GET /run/?action=fwright HTTP/1.1" 200 12384
[17/May/2019 08:27:39] "GET /run/?action=fwstraight HTTP/1.1" 200 12384
[17/May/2019 08:27:39] "GET /run/?action=forward HTTP/1.1" 200 12384
[17/May/2019 08:27:40] "GET /run/?action=stop HTTP/1.1" 200 12384
[17/May/2019 08:27:45] "GET /run/?action=backward HTTP/1.1" 200 12384
[17/May/2019 08:27:46] "GET /run/?action=fwleft HTTP/1.1" 200 12384
[17/May/2019 08:27:47] "GET /run/?action=fwstraight HTTP/1.1" 200 12384
[17/May/2019 08:27:47] "GET /run/?action=stop HTTP/1.1" 200 12384
[17/May/2019 08:27:47] "GET /run/?action=forward HTTP/1.1" 200 12384
[17/May/2019 08:27:47] "GET /run/?action=fwright HTTP/1.1" 200 12384
[17/May/2019 08:27:48] "GET /run/?action=stop HTTP/1.1" 200 12384
[17/May/2019 08:27:48] "GET /run/?action=forward HTTP/1.1" 200 12384
[17/May/2019 08:27:50] "GET /run/?action=fwstraight HTTP/1.1" 200 12384
[17/May/2019 08:27:50] "GET /run/?action=fwright HTTP/1.1" 200 12384
[17/May/2019 08:27:51] "GET /run/?action=stop HTTP/1.1" 200 12384
[17/May/2019 08:27:51] "GET /run/?action=fwstraight HTTP/1.1" 200 12384
[17/May/2019 08:27:51] "GET /run/?action=backward HTTP/1.1" 200 12384
[17/May/2019 08:27:52] "GET /run/?action=stop HTTP/1.1" 200 12384
[17/May/2019 08:27:52] "GET /run/?action=fwright HTTP/1.1" 200 12384
[17/May/2019 08:27:52] "GET /run/?action=forward HTTP/1.1" 200 12384
[17/May/2019 08:27:54] "GET /run/?action=stop HTTP/1.1" 200 12384
[17/May/2019 08:27:54] "GET /run/?action=fwstraight HTTP/1.1" 200 12384
[17/May/2019 08:27:54] "GET /run/?action=fwleft HTTP/1.1" 200 12384
[17/May/2019 08:27:54] "GET /run/?action=fwstraight HTTP/1.1" 200 12384
[17/May/2019 08:27:57] "GET /run/?action=forward HTTP/1.1" 200 12384
[17/May/2019 08:27:59] "GET /run/?action=stop HTTP/1.1" 200 12384
[17/May/2019 08:27:59] "GET /run/?action=forward HTTP/1.1" 200 12384
[17/May/2019 08:27:59] "GET /run/?action=stop HTTP/1.1" 200 12384
[17/May/2019 08:28:00] "GET /run/?action=fwright HTTP/1.1" 200 12384
[17/May/2019 08:28:00] "GET /run/?action=fwstraight HTTP/1.1" 200 12384
[17/May/2019 08:28:00] "GET /run/?action=fwright HTTP/1.1" 200 12384
[17/May/2019 08:28:00] "GET /run/?action=fwstraight HTTP/1.1" 200 12384
[17/May/2019 08:28:00] "GET /run/?action=backward HTTP/1.1" 200 12384
[17/May/2019 08:28:01] "GET /run/?action=stop HTTP/1.1" 200 12384
[17/May/2019 08:28:01] "GET /run/?action=backward HTTP/1.1" 200 12384
[17/May/2019 08:28:01] "GET /run/?action=stop HTTP/1.1" 200 12384
[17/May/2019 08:28:01] "GET /run/?action=backward HTTP/1.1" 200 12384
[17/May/2019 08:28:01] "GET /run/?action=stop HTTP/1.1" 200 12384
[17/May/2019 08:28:04] "GET /run/?action=camright HTTP/1.1" 200 12384
[17/May/2019 08:28:06] "GET /run/?action=camready HTTP/1.1" 200 12384
[17/May/2019 08:28:06] "GET /run/?action=camleft HTTP/1.1" 200 12384
[17/May/2019 08:28:07] "GET /run/?action=camready HTTP/1.1" 200 12384
[17/May/2019 08:28:09] "GET /run/?action=camright HTTP/1.1" 200 12384
[17/May/2019 08:28:11] "GET /run/?action=camready HTTP/1.1" 200 12384
[17/May/2019 10:07:59] "GET /run/?action=forward HTTP/1.1" 200 12384
[17/May/2019 10:07:59] "GET /run/?action=stop HTTP/1.1" 200 12384
[17/May/2019 10:08:09] "GET /run/?action=forward HTTP/1.1" 200 12384
[17/May/2019 10:08:11] "GET /run/?action=stop HTTP/1.1" 200 12384
[17/May/2019 10:08:24] "GET /run/?action=fwright HTTP/1.1" 200 12384
[17/May/2019 10:08:24] "GET /run/?action=fwstraight HTTP/1.1" 200 12384
[17/May/2019 10:08:29] "GET /run/?action=fwright HTTP/1.1" 200 12384
[17/May/2019 10:08:31] "GET /run/?action=fwstraight HTTP/1.1" 200 12384
[17/May/2019 10:08:59] "GET /run/?speed=40 HTTP/1.1" 200 12384
[17/May/2019 10:09:00] "GET /run/?action=forward HTTP/1.1" 200 12384
[17/May/2019 10:09:00] "GET /run/?action=stop HTTP/1.1" 200 12384
[17/May/2019 10:09:00] "GET /run/?action=forward HTTP/1.1" 200 12384
[17/May/2019 10:09:01] "GET /run/?action=stop HTTP/1.1" 200 12384
[17/May/2019 10:09:02] "GET /run/?speed=100 HTTP/1.1" 200 12384
[17/May/2019 10:09:03] "GET /run/?action=forward HTTP/1.1" 200 12384
[17/May/2019 10:09:04] "GET /run/?action=stop HTTP/1.1" 200 12384
[17/May/2019 10:09:22] "GET /run/?speed=40 HTTP/1.1" 200 12384
[17/May/2019 10:09:25] "GET /run/?speed=100 HTTP/1.1" 200 12384
[17/May/2019 10:09:27] "GET /run/?action=forward HTTP/1.1" 200 12384
[17/May/2019 10:09:29] "GET /run/?action=stop HTTP/1.1" 200 12384
[17/May/2019 10:11:26] "GET /run/?speed=100 HTTP/1.1" 200 12384
[17/May/2019 10:11:30] "GET /run/?speed=110 HTTP/1.1" 200 12384
[17/May/2019 10:11:43] "GET /run/?action=forward HTTP/1.1" 200 12384
[17/May/2019 10:11:44] "GET /run/?action=stop HTTP/1.1" 200 12384
[17/May/2019 10:11:45] "GET /run/?action=forward HTTP/1.1" 200 12384
[17/May/2019 10:11:45] "GET /run/?action=stop HTTP/1.1" 200 12384
[17/May/2019 10:11:51] "GET /run/?speed=100 HTTP/1.1" 200 12384
[17/May/2019 10:11:53] "GET /run/?action=forward HTTP/1.1" 200 12384
[17/May/2019 10:11:54] "GET /run/?action=stop HTTP/1.1" 200 12384
[17/May/2019 10:11:58] "GET /run/?speed=150 HTTP/1.1" 200 12384
[17/May/2019 10:12:01] "GET /run/?action=forward HTTP/1.1" 200 12384
[17/May/2019 10:12:01] "GET /run/?action=stop HTTP/1.1" 200 12384
[17/May/2019 10:12:02] "GET /run/?action=forward HTTP/1.1" 200 12384
[17/May/2019 10:12:03] "GET /run/?action=stop HTTP/1.1" 200 12384
[17/May/2019 10:12:10] "GET /run/?speed=200 HTTP/1.1" 200 12384
[17/May/2019 10:12:12] "GET /run/?action=forward HTTP/1.1" 200 12384
[17/May/2019 10:12:13] "GET /run/?action=stop HTTP/1.1" 200 12384
[17/May/2019 10:12:17] "GET /run/?speed=100 HTTP/1.1" 200 12384
[17/May/2019 10:12:19] "GET /run/?action=forward HTTP/1.1" 200 12384
[17/May/2019 10:12:20] "GET /run/?action=stop HTTP/1.1" 200 12384
[17/May/2019 10:12:25] "GET /run/?speed=40 HTTP/1.1" 200 12384
[17/May/2019 10:12:26] "GET /run/?action=forward HTTP/1.1" 200 12384
[17/May/2019 10:12:28] "GET /run/?action=stop HTTP/1.1" 200 12384